This is pdfTeX, Version 3.1415926-2.3-1.40.12 (MiKTeX 2.9) (preloaded format=pdflatex 2012.2.22)  23 FEB 2012 12:14
entering extended mode
**C:/Users/user/Desktop/IISERP-DoP-1-MSthesis/title/title.tex
(C:/Users/user/Desktop/IISERP-DoP-1-MSthesis/title/title.tex
LaTeX2e <2011/06/27>
Babel <v3.8m> and hyphenation patterns for english, afrikaans, ancientgreek, ar
abic, armenian, assamese, basque, bengali, bokmal, bulgarian, catalan, coptic, 
croatian, czech, danish, dutch, esperanto, estonian, farsi, finnish, french, ga
lician, german, german-x-2009-06-19, greek, gujarati, hindi, hungarian, iceland
ic, indonesian, interlingua, irish, italian, kannada, kurmanji, lao, latin, lat
vian, lithuanian, malayalam, marathi, mongolian, mongolianlmc, monogreek, ngerm
an, ngerman-x-2009-06-19, nynorsk, oriya, panjabi, pinyin, polish, portuguese, 
romanian, russian, sanskrit, serbian, slovak, slovenian, spanish, swedish, swis
sgerman, tamil, telugu, turkish, turkmen, ukenglish, ukrainian, uppersorbian, u
senglishmax, welsh, loaded.

! LaTeX Error: Environment titlepage undefined.

See the LaTeX manual or LaTeX Companion for explanation.
Type  H <return>  for immediate help.
 ...                                              
                                                  
l.4 \begin{titlepage}
                     
Your command was ignored.
Type  I <command> <return>  to replace it with another command,
or  <return>  to continue without it.


! LaTeX Error: Missing \begin{document}.

See the LaTeX manual or LaTeX Companion for explanation.
Type  H <return>  for immediate help.
 ...                                              
                                                  
l.5 \begin{center}
                  
You're in trouble here.  Try typing  <return>  to proceed.
If that doesn't work, type  X <return>  to quit.


Overfull \hbox (20.0pt too wide) in paragraph at lines 5--5
[] 
 []

! Undefined control sequence.
l.8 {\huge
           \textbf{\textsc{Title of BS- MS Thesis}}}\\[2.5cm]
The control sequence at the end of the top line
of your error message was never \def'ed. If you have
misspelled it (e.g., `\hobx'), type `I' and the correct
spelling (e.g., `I\hbox'). Otherwise just continue,
and I'll forget about whatever was undefined.


LaTeX Font Warning: Font shape `OT1/cmr/bx/sc' undefined
(Font)              using `OT1/cmr/bx/n' instead on input line 8.


Overfull \hbox (24.13182pt too wide) in paragraph at lines 8--8
 \OT1/cmr/bx/n/10 Title 
 []


Overfull \hbox (9.26384pt too wide) in paragraph at lines 8--8
 \OT1/cmr/bx/n/10 of 
 []


Overfull \hbox (18.40268pt too wide) in paragraph at lines 8--8
 \OT1/cmr/bx/n/10 BS- 
 []


Overfull \hbox (17.30547pt too wide) in paragraph at lines 8--8
 \OT1/cmr/bx/n/10 MS 
 []


Overfull \hbox (23.49294pt too wide) in paragraph at lines 8--8
 \OT1/cmr/bx/n/10 The- 
 []


Overfull \hbox (12.26657pt too wide) in paragraph at lines 8--8
 \OT1/cmr/bx/n/10 sis 
 []

! Undefined control sequence.
l.11 \includegraphics
                     {.title/logo.eps}
The control sequence at the end of the top line
of your error message was never \def'ed. If you have
misspelled it (e.g., `\hobx'), type `I' and the correct
spelling (e.g., `I\hbox'). Otherwise just continue,
and I'll forget about whatever was undefined.

Missing character: There is no . in font nullfont!
Missing character: There is no t in font nullfont!
Missing character: There is no i in font nullfont!
Missing character: There is no t in font nullfont!
Missing character: There is no l in font nullfont!
Missing character: There is no e in font nullfont!
Missing character: There is no / in font nullfont!
Missing character: There is no l in font nullfont!
Missing character: There is no o in font nullfont!
Missing character: There is no g in font nullfont!
Missing character: There is no o in font nullfont!
Missing character: There is no . in font nullfont!
Missing character: There is no e in font nullfont!
Missing character: There is no p in font nullfont!
Missing character: There is no s in font nullfont!
! Undefined control sequence.
l.14 \large
            A thesis submitted towards partial fulfilment of \\BS-MS Dual De...
The control sequence at the end of the top line
of your error message was never \def'ed. If you have
misspelled it (e.g., `\hobx'), type `I' and the correct
spelling (e.g., `I\hbox'). Otherwise just continue,
and I'll forget about whatever was undefined.

Missing character: There is no A in font nullfont!
Missing character: There is no t in font nullfont!
Missing character: There is no h in font nullfont!
Missing character: There is no e in font nullfont!
Missing character: There is no s in font nullfont!
Missing character: There is no i in font nullfont!
Missing character: There is no s in font nullfont!
Missing character: There is no s in font nullfont!
Missing character: There is no u in font nullfont!
Missing character: There is no b in font nullfont!
Missing character: There is no m in font nullfont!
Missing character: There is no i in font nullfont!
Missing character: There is no t in font nullfont!
Missing character: There is no t in font nullfont!
Missing character: There is no e in font nullfont!
Missing character: There is no d in font nullfont!
Missing character: There is no t in font nullfont!
Missing character: There is no o in font nullfont!
Missing character: There is no w in font nullfont!
Missing character: There is no a in font nullfont!
Missing character: There is no r in font nullfont!
Missing character: There is no d in font nullfont!
Missing character: There is no s in font nullfont!
Missing character: There is no p in font nullfont!
Missing character: There is no a in font nullfont!
Missing character: There is no r in font nullfont!
Missing character: There is no t in font nullfont!
Missing character: There is no i in font nullfont!
Missing character: There is no a in font nullfont!
Missing character: There is no l in font nullfont!
Missing character: There is no f in font nullfont!
Missing character: There is no u in font nullfont!
Missing character: There is no l in font nullfont!
Missing character: There is no f in font nullfont!
Missing character: There is no i in font nullfont!
Missing character: There is no l in font nullfont!
Missing character: There is no m in font nullfont!
Missing character: There is no e in font nullfont!
Missing character: There is no n in font nullfont!
Missing character: There is no t in font nullfont!
Missing character: There is no o in font nullfont!
Missing character: There is no f in font nullfont!
Missing character: There is no B in font nullfont!
Missing character: There is no S in font nullfont!
Missing character: There is no - in font nullfont!
Missing character: There is no M in font nullfont!
Missing character: There is no S in font nullfont!
Missing character: There is no D in font nullfont!
Missing character: There is no u in font nullfont!
Missing character: There is no a in font nullfont!
Missing character: There is no l in font nullfont!
Missing character: There is no D in font nullfont!
Missing character: There is no e in font nullfont!
Missing character: There is no g in font nullfont!
Missing character: There is no r in font nullfont!
Missing character: There is no e in font nullfont!
Missing character: There is no e in font nullfont!
Missing character: There is no P in font nullfont!
Missing character: There is no r in font nullfont!
Missing character: There is no o in font nullfont!
Missing character: There is no g in font nullfont!
Missing character: There is no r in font nullfont!
Missing character: There is no a in font nullfont!
Missing character: There is no m in font nullfont!
Missing character: There is no m in font nullfont!
Missing character: There is no e in font nullfont!
Missing character: There is no b in font nullfont!
Missing character: There is no y in font nullfont!

Overfull \hbox (33.58298pt too wide) in paragraph at lines 18--18
 []\OT1/cmr/m/sc/10 NAME 
 []


Overfull \hbox (15.5693pt too wide) in paragraph at lines 18--18
 \OT1/cmr/m/sc/10 OF 
 []


Overfull \hbox (27.9164pt too wide) in paragraph at lines 18--18
 \OT1/cmr/m/sc/10 CAN- 
 []


Overfull \hbox (16.12483pt too wide) in paragraph at lines 18--18
 \OT1/cmr/m/sc/10 DI- 
 []


Overfull \hbox (30.54135pt too wide) in paragraph at lines 18--18
 \OT1/cmr/m/sc/10 DATE 
 []

Missing character: There is no u in font nullfont!
Missing character: There is no n in font nullfont!
Missing character: There is no d in font nullfont!
Missing character: There is no e in font nullfont!
Missing character: There is no r in font nullfont!
Missing character: There is no t in font nullfont!
Missing character: There is no h in font nullfont!
Missing character: There is no e in font nullfont!
Missing character: There is no g in font nullfont!
Missing character: There is no u in font nullfont!
Missing character: There is no i in font nullfont!
Missing character: There is no d in font nullfont!
Missing character: There is no a in font nullfont!
Missing character: There is no n in font nullfont!
Missing character: There is no c in font nullfont!
Missing character: There is no e in font nullfont!
Missing character: There is no o in font nullfont!
Missing character: There is no f in font nullfont!

Overfull \hbox (33.58298pt too wide) in paragraph at lines 21--21
 []\OT1/cmr/m/sc/10 NAME 
 []


Overfull \hbox (15.5693pt too wide) in paragraph at lines 21--21
 \OT1/cmr/m/sc/10 OF 
 []


Overfull \hbox (18.02759pt too wide) in paragraph at lines 21--21
 \OT1/cmr/m/sc/10 SU- 
 []


Overfull \hbox (26.61082pt too wide) in paragraph at lines 21--21
 \OT1/cmr/m/sc/10 PER- 
 []


Overfull \hbox (15.97205pt too wide) in paragraph at lines 21--21
 \OT1/cmr/m/sc/10 VI- 
 []


Overfull \hbox (22.55533pt too wide) in paragraph at lines 21--21
 \OT1/cmr/m/sc/10 SOR 
 []


Overfull \hbox (73.09647pt too wide) in paragraph at lines 22--22
 []\OT1/cmr/m/sc/10 AFFILIATION 
 []


Overfull \hbox (15.5693pt too wide) in paragraph at lines 22--22
 \OT1/cmr/m/sc/10 OF 
 []


Overfull \hbox (23.41643pt too wide) in paragraph at lines 22--22
 \OT1/cmr/m/sc/10 THE 
 []


Overfull \hbox (18.02759pt too wide) in paragraph at lines 22--22
 \OT1/cmr/m/sc/10 SU- 
 []


Overfull \hbox (26.61082pt too wide) in paragraph at lines 22--22
 \OT1/cmr/m/sc/10 PER- 
 []


Overfull \hbox (15.97205pt too wide) in paragraph at lines 22--22
 \OT1/cmr/m/sc/10 VI- 
 []


Overfull \hbox (22.55533pt too wide) in paragraph at lines 22--22
 \OT1/cmr/m/sc/10 SOR 
 []


Overfull \hbox (31.72208pt too wide) in paragraph at lines 25--25
 []\OT1/cmr/m/sc/10 Indian 
 []


Overfull \hbox (13.96655pt too wide) in paragraph at lines 25--25
 \OT1/cmr/m/sc/10 In- 
 []


Overfull \hbox (17.28877pt too wide) in paragraph at lines 25--25
 \OT1/cmr/m/sc/10 sti- 
 []


Overfull \hbox (23.5332pt too wide) in paragraph at lines 25--25
 \OT1/cmr/m/sc/10 tute 
 []


Overfull \hbox (11.71107pt too wide) in paragraph at lines 25--25
 \OT1/cmr/m/sc/10 of 
 []


Overfull \hbox (18.82205pt too wide) in paragraph at lines 25--25
 \OT1/cmr/m/sc/10 Sci- 
 []


Overfull \hbox (23.19987pt too wide) in paragraph at lines 25--25
 \OT1/cmr/m/sc/10 ence 
 []


Overfull \hbox (17.43875pt too wide) in paragraph at lines 25--25
 \OT1/cmr/m/sc/10 Ed- 
 []


Overfull \hbox (9.91106pt too wide) in paragraph at lines 25--25
 \OT1/cmr/m/sc/10 u- 
 []


Overfull \hbox (15.82213pt too wide) in paragraph at lines 25--25
 \OT1/cmr/m/sc/10 ca- 
 []


Overfull \hbox (21.42212pt too wide) in paragraph at lines 25--25
 \OT1/cmr/m/sc/10 tion 
 []


Overfull \hbox (18.51106pt too wide) in paragraph at lines 25--25
 \OT1/cmr/m/sc/10 and 
 []


Overfull \hbox (17.35541pt too wide) in paragraph at lines 25--25
 \OT1/cmr/m/sc/10 Re- 
 []


Overfull \hbox (34.13318pt too wide) in paragraph at lines 25--25
 \OT1/cmr/m/sc/10 search 
 []


Overfull \hbox (25.26096pt too wide) in paragraph at lines 25--25
 \OT1/cmr/m/sc/10 Pune 
 []


! LaTeX Error: \begin{document} ended by \end{titlepage}.

See the LaTeX manual or LaTeX Companion for explanation.
Type  H <return>  for immediate help.
 ...                                              
                                                  
l.34 \end{titlepage}
                    
Your command was ignored.
Type  I <command> <return>  to replace it with another command,
or  <return>  to continue without it.

)
! Emergency stop.
<*> ...sktop/IISERP-DoP-1-MSthesis/title/title.tex
                                                  
*** (job aborted, no legal \end found)

 
Here is how much of TeX's memory you used:
 15 strings out of 494045
 319 string characters out of 3145972
 49890 words of memory out of 3000000
 3406 multiletter control sequences out of 15000+200000
 4249 words of font info for 16 fonts, out of 3000000 for 9000
 715 hyphenation exceptions out of 8191
 13i,1n,10p,162b,156s stack positions out of 5000i,500n,10000p,200000b,50000s
!  ==> Fatal error occurred, no output PDF file produced!
