\BOOKMARK [0][-]{chapter.1}{Introduction}{}% 1
\BOOKMARK [1][-]{section.1.1}{Protein\040Interfaces}{chapter.1}% 2
\BOOKMARK [2][-]{subsection.1.1.1}{General\040Properties\040of\040Protein-Protein\040Interfaces}{section.1.1}% 3
\BOOKMARK [2][-]{subsection.1.1.2}{The\040Protein\040Binding\040Phenomenon}{section.1.1}% 4
\BOOKMARK [2][-]{subsection.1.1.3}{Experimental\040Determination\040of\040Protein\040Interfaces}{section.1.1}% 5
\BOOKMARK [2][-]{subsection.1.1.4}{Computational\040Methods\040for\040Studying\040Protein-Protein\040Interactions}{section.1.1}% 6
\BOOKMARK [1][-]{section.1.2}{Knowledge-based\040Statistical\040Potentials}{chapter.1}% 7
\BOOKMARK [1][-]{section.1.3}{Previous\040Related\040Work}{chapter.1}% 8
\BOOKMARK [1][-]{section.1.4}{Classifier\040Methods}{chapter.1}% 9
\BOOKMARK [0][-]{chapter.2}{Methods}{}% 10
\BOOKMARK [1][-]{section.2.1}{Construction\040of\040the\040dataset}{chapter.2}% 11
\BOOKMARK [1][-]{section.2.2}{Construction\040of\040Statistical\040Potentials}{chapter.2}% 12
\BOOKMARK [2][-]{subsection.2.2.1}{Two-Body\040Potentials}{section.2.2}% 13
\BOOKMARK [2][-]{subsection.2.2.2}{Multibody\040Potentials}{section.2.2}% 14
\BOOKMARK [1][-]{section.2.3}{Benchmarking\040of\040statistical\040potentials}{chapter.2}% 15
\BOOKMARK [0][-]{chapter.3}{Results}{}% 16
\BOOKMARK [1][-]{section.3.1}{Dataset\040Generation}{chapter.3}% 17
\BOOKMARK [1][-]{section.3.2}{Benchmarking\040of\040the\040Two-Body\040Potentials}{chapter.3}% 18
\BOOKMARK [2][-]{subsection.3.2.1}{Benchmarking\040using\040ROC\040curves}{section.3.2}% 19
\BOOKMARK [2][-]{subsection.3.2.2}{Benchmarking\040using\040Rank\040Ordering}{section.3.2}% 20
\BOOKMARK [2][-]{subsection.3.2.3}{Testing\040Potential\040Values\040for\040GLY-GLY\040pairs}{section.3.2}% 21
\BOOKMARK [2][-]{subsection.3.2.4}{Performance\040on\040the\040testing\040set}{section.3.2}% 22
\BOOKMARK [2][-]{subsection.3.2.5}{Comparison\040with\040MODTIE}{section.3.2}% 23
\BOOKMARK [2][-]{subsection.3.2.6}{Multibody\040Potentials}{section.3.2}% 24
\BOOKMARK [1][-]{section.3.3}{Validation}{chapter.3}% 25
\BOOKMARK [0][-]{chapter.4}{Discussions}{}% 26
\BOOKMARK [1][-]{section.4.1}{Statistical\040Potentials}{chapter.4}% 27
\BOOKMARK [1][-]{section.4.2}{Pairwise\040Potentials}{chapter.4}% 28
\BOOKMARK [2][-]{subsection.4.2.1}{Testing\040the\040performance\040of\040pairwise\040potentials}{section.4.2}% 29
\BOOKMARK [1][-]{section.4.3}{Multibody\040Potentials}{chapter.4}% 30
\BOOKMARK [1][-]{section.4.4}{Validation\040on\040the\040RalGEF-Ral\040system}{chapter.4}% 31
\BOOKMARK [1][-]{section.4.5}{Applications}{chapter.4}% 32
\BOOKMARK [0][-]{section.4.5}{References}{}% 33
\BOOKMARK [0][-]{appendix.A}{Supplementary\040Data}{}% 34
\BOOKMARK [1][-]{section.A.1}{Training\040Set\040PDB\040codes}{appendix.A}% 35
\BOOKMARK [1][-]{section.A.2}{Testing\040Set\040PDB\040codes}{appendix.A}% 36
